<?xml version="1.0" encoding="UTF-8"?>
<testsuite xmlns:xsi="http://www.w3.org/2001/XMLSchema-instance" xsi:noNamespaceSchemaLocation="https://maven.apache.org/surefire/maven-surefire-plugin/xsd/surefire-test-report.xsd" version="3.0.2" name="com.github.oauth.DemoGithubAccessApplicationTests" time="4.572" tests="1" errors="0" skipped="0" failures="0">
  <properties>
[...]
</properties>
  <testcase name="contextLoads" classname="com.github.oauth.DemoGithubAccessApplicationTests" time="0.355">
    <system-out><![CDATA[01:11:02.851 [main] INFO org.springframework.test.context.support.AnnotationConfigContextLoaderUtils -- Could not detect default configuration classes for test class [com.github.oauth.DemoGithubAccessApplicationTests]: DemoGithubAccessApplicationTests does not declare any static, non-private, non-final, nested classes annotated with @Configuration.
01:11:02.908 [main] INFO org.springframework.boot.test.context.SpringBootTestContextBootstrapper -- Found @SpringBootConfiguration com.github.oauth.DemoGithubAccessApplication for test class com.github.oauth.DemoGithubAccessApplicationTests

  .   ____          _            __ _ _
 /\\ / ___'_ __ _ _(_)_ __  __ _ \ \ \ \
( ( )\___ | '_ | '_| | '_ \/ _` | \ \ \ \
 \\/  ___)| |_)| | | | | || (_| |  ) ) ) )
  '  |____| .__|_| |_|_| |_\__, | / / / /
 =========|_|==============|___/=/_/_/_/

 :: Spring Boot ::                (v3.4.4)

2025-04-16T01:11:03.131+05:30  INFO 24896 --- [           main] c.g.o.DemoGithubAccessApplicationTests   : Starting DemoGithubAccessApplicationTests using Java 22 with PID 24896 (started by sarveshmhadgut in /Users/sarveshmhadgut/Documents/Github/DevSync/Demo-Github-Oauth)
2025-04-16T01:11:03.131+05:30  INFO 24896 --- [           main] c.g.o.DemoGithubAccessApplicationTests   : No active profile set, falling back to 1 default profile: "default"
2025-04-16T01:11:03.585+05:30  INFO 24896 --- [           main] .s.d.r.c.RepositoryConfigurationDelegate : Bootstrapping Spring Data JPA repositories in DEFAULT mode.
2025-04-16T01:11:03.615+05:30  INFO 24896 --- [           main] .s.d.r.c.RepositoryConfigurationDelegate : Finished Spring Data repository scanning in 25 ms. Found 4 JPA repository interfaces.
2025-04-16T01:11:03.948+05:30  INFO 24896 --- [           main] o.hibernate.jpa.internal.util.LogHelper  : HHH000204: Processing PersistenceUnitInfo [name: default]
2025-04-16T01:11:03.976+05:30  INFO 24896 --- [           main] org.hibernate.Version                    : HHH000412: Hibernate ORM core version 6.6.11.Final
2025-04-16T01:11:03.992+05:30  INFO 24896 --- [           main] o.h.c.internal.RegionFactoryInitiator    : HHH000026: Second-level cache disabled
2025-04-16T01:11:04.112+05:30  INFO 24896 --- [           main] o.s.o.j.p.SpringPersistenceUnitInfo      : No LoadTimeWeaver setup: ignoring JPA class transformer
2025-04-16T01:11:04.125+05:30  INFO 24896 --- [           main] com.zaxxer.hikari.HikariDataSource       : HikariPool-1 - Starting...
2025-04-16T01:11:04.389+05:30  INFO 24896 --- [           main] com.zaxxer.hikari.pool.HikariPool        : HikariPool-1 - Added connection com.mysql.cj.jdbc.ConnectionImpl@4b76251c
2025-04-16T01:11:04.390+05:30  INFO 24896 --- [           main] com.zaxxer.hikari.HikariDataSource       : HikariPool-1 - Start completed.
2025-04-16T01:11:04.443+05:30  INFO 24896 --- [           main] org.hibernate.orm.connections.pooling    : HHH10001005: Database info:
	Database JDBC URL [Connecting through datasource 'HikariDataSource (HikariPool-1)']
	Database driver: undefined/unknown
	Database version: 9.2
	Autocommit mode: undefined/unknown
	Isolation level: undefined/unknown
	Minimum pool size: undefined/unknown
	Maximum pool size: undefined/unknown
2025-04-16T01:11:04.881+05:30  INFO 24896 --- [           main] o.h.e.t.j.p.i.JtaPlatformInitiator       : HHH000489: No JTA platform available (set 'hibernate.transaction.jta.platform' to enable JTA platform integration)
2025-04-16T01:11:04.964+05:30  INFO 24896 --- [           main] j.LocalContainerEntityManagerFactoryBean : Initialized JPA EntityManagerFactory for persistence unit 'default'
2025-04-16T01:11:05.134+05:30  INFO 24896 --- [           main] o.s.d.j.r.query.QueryEnhancerFactory     : Hibernate is in classpath; If applicable, HQL parser will be used.
2025-04-16T01:11:06.246+05:30  WARN 24896 --- [           main] JpaBaseConfiguration$JpaWebConfiguration : spring.jpa.open-in-view is enabled by default. Therefore, database queries may be performed during view rendering. Explicitly configure spring.jpa.open-in-view to disable this warning
2025-04-16T01:11:06.265+05:30  INFO 24896 --- [           main] r$InitializeUserDetailsManagerConfigurer : Global AuthenticationManager configured with UserDetailsService bean with name customUserDetailsServiceImpl
2025-04-16T01:11:06.336+05:30  INFO 24896 --- [           main] o.s.b.a.w.s.WelcomePageHandlerMapping    : Adding welcome page template: index
2025-04-16T01:11:06.519+05:30  INFO 24896 --- [           main] o.s.b.a.e.web.EndpointLinksResolver      : Exposing 1 endpoint beneath base path '/actuator'
2025-04-16T01:11:06.638+05:30  INFO 24896 --- [           main] o.s.v.b.OptionalValidatorFactoryBean     : Failed to set up a Bean Validation provider: jakarta.validation.NoProviderFoundException: Unable to create a Configuration, because no Jakarta Bean Validation provider could be found. Add a provider like Hibernate Validator (RI) to your classpath.
2025-04-16T01:11:06.883+05:30  INFO 24896 --- [           main] c.g.o.DemoGithubAccessApplicationTests   : Started DemoGithubAccessApplicationTests in 3.911 seconds (process running for 4.351)
2025-04-16T01:11:06.885+05:30  INFO 24896 --- [   scheduling-1] c.g.o.service.PullRequestPollingService  : Starting pull request status check
2025-04-16T01:11:06.885+05:30  INFO 24896 --- [   scheduling-1] c.g.oauth.service.impl.TaskServiceImpl   : Getting tasks with status: REQUEST_COMPLETE
Hibernate: select count(*) from tech_stack t1_0
]]></system-out>
    <system-err><![CDATA[Mockito is currently self-attaching to enable the inline-mock-maker. This will no longer work in future releases of the JDK. Please add Mockito as an agent to your build what is described in Mockito's documentation: https://javadoc.io/doc/org.mockito/mockito-core/latest/org/mockito/Mockito.html#0.3
WARNING: A Java agent has been loaded dynamically (/Users/sarveshmhadgut/.m2/repository/net/bytebuddy/byte-buddy-agent/1.15.11/byte-buddy-agent-1.15.11.jar)
WARNING: If a serviceability tool is in use, please run with -XX:+EnableDynamicAgentLoading to hide this warning
WARNING: If a serviceability tool is not in use, please run with -Djdk.instrument.traceUsage for more information
WARNING: Dynamic loading of agents will be disallowed by default in a future release
]]></system-err>
  </testcase>
</testsuite>